# do {oled_tb_compile.do}
# Model Technology ModelSim PE vmap 10.4c Lib Mapping Utility 2015.07 Jul 20 2015
# vmap xil_defaultlib msim/xil_defaultlib 
# Modifying modelsim.ini
# ** Warning: (vlog-159) Mode option -64 is not supported in this context and will be ignored.
# 
# Model Technology ModelSim PE vlog 10.4c Compiler 2015.07 Jul 20 2015
# Start time: 11:35:44 on Dec 15,2018
# vlog -64 -incr -work xil_defaultlib ../../../WaduES.srcs/sources_1/new/Display_OLED.v ../../../WaduES.srcs/sources_1/new/Control.v ../../../WaduES.srcs/sim_1/new/oled_tb.v 
# -- Compiling module Display_OLED
# -- Compiling module Control
# -- Compiling module oled_tb
# 
# Top level modules:
# 	oled_tb
# End time: 11:35:44 on Dec 15,2018, Elapsed time: 0:00:00
# Errors: 0, Warnings: 1
# Model Technology ModelSim PE vlog 10.4c Compiler 2015.07 Jul 20 2015
# Start time: 11:35:44 on Dec 15,2018
# vlog -work xil_defaultlib glbl.v 
# -- Compiling module glbl
# 
# Top level modules:
# 	glbl
# End time: 11:35:44 on Dec 15,2018, Elapsed time: 0:00:00
# Errors: 0, Warnings: 0
